d:\theengine\theengine\directxgame\x64\release\vc143.pdb
d:\theengine\theengine\directxgame\x64\release\indexbuffer.obj
d:\theengine\theengine\directxgame\x64\release\scene.obj
d:\theengine\theengine\directxgame\x64\release\texture2d.obj
d:\theengine\theengine\directxgame\x64\release\base.obj
d:\theengine\theengine\directxgame\x64\release\display.obj
d:\theengine\theengine\directxgame\x64\release\tetrisphysicscomponent.obj
d:\theengine\theengine\directxgame\x64\release\quadtree.obj
d:\theengine\theengine\directxgame\x64\release\physics3dcomponent.obj
d:\theengine\theengine\directxgame\x64\release\octree.obj
d:\theengine\theengine\directxgame\x64\release\carphysicscomponent.obj
d:\theengine\theengine\directxgame\x64\release\graphicspipelinestate.obj
d:\theengine\theengine\directxgame\x64\release\win32game.obj
d:\theengine\theengine\directxgame\x64\release\geometry.obj
d:\theengine\theengine\directxgame\x64\release\shadowmap.obj
d:\theengine\theengine\directxgame\x64\release\imgui_impl_dx11.obj
d:\theengine\theengine\directxgame\x64\release\imgui_impl_win32.obj
d:\theengine\theengine\directxgame\x64\release\imgui_tables.obj
d:\theengine\theengine\directxgame\x64\release\imgui_widgets.obj
d:\theengine\theengine\directxgame\x64\release\imgui_draw.obj
d:\theengine\theengine\directxgame\x64\release\imgui.obj
d:\theengine\theengine\directxgame\x64\release\logger.obj
d:\theengine\theengine\directxgame\x64\release\vertexbuffer.obj
d:\theengine\theengine\directxgame\x64\release\implot_demo.obj
d:\theengine\theengine\directxgame\x64\release\implot_items.obj
d:\theengine\theengine\directxgame\x64\release\implot.obj
d:\theengine\theengine\directxgame\x64\release\imgui_demo.obj
d:\theengine\theengine\directxgame\x64\release\input.obj
d:\theengine\theengine\directxgame\x64\release\win32window.obj
d:\theengine\theengine\directxgame\x64\release\vertexshadersignature.obj
d:\theengine\theengine\directxgame\x64\release\shaderbinary.obj
d:\theengine\theengine\directxgame\x64\release\directxgame.tlog\cl.command.1.tlog
d:\theengine\theengine\directxgame\x64\release\directxgame.tlog\cl.read.1.tlog
d:\theengine\theengine\directxgame\x64\release\directxgame.tlog\cl.write.1.tlog
