d:\theengine\theengine\intermediate\x64\debug\win32game.obj
d:\theengine\theengine\intermediate\x64\debug\main.obj
d:\theengine\theengine\intermediate\x64\debug\swapchain.obj
d:\theengine\theengine\intermediate\x64\debug\indexbuffer.obj
d:\theengine\theengine\intermediate\x64\debug\vertexshadersignature.obj
d:\theengine\theengine\intermediate\x64\debug\spritecomponent.obj
d:\theengine\theengine\intermediate\x64\debug\mesh.obj
d:\theengine\theengine\intermediate\x64\debug\graphicsdevice.obj
d:\theengine\theengine\intermediate\x64\debug\scene.obj
d:\theengine\theengine\intermediate\x64\debug\win32window.obj
d:\theengine\theengine\intermediate\x64\debug\testscene.obj
d:\theengine\theengine\intermediate\x64\debug\logger.obj
d:\theengine\theengine\intermediate\x64\debug\graphicsengine.obj
d:\theengine\theengine\intermediate\x64\debug\texture2d.obj
d:\theengine\theengine\intermediate\x64\debug\graphicspipelinestate.obj
d:\theengine\theengine\intermediate\x64\debug\vertexbuffer.obj
d:\theengine\theengine\intermediate\x64\debug\devicecontext.obj
d:\theengine\theengine\intermediate\x64\debug\display.obj
d:\theengine\theengine\intermediate\x64\debug\game.obj
d:\theengine\theengine\intermediate\x64\debug\shaderbinary.obj
d:\theengine\theengine\intermediate\x64\debug\base.obj
d:\theengine\theengine\intermediate\x64\debug\camera.obj
d:\theengine\theengine\intermediate\x64\debug\input.obj
d:\theengine\theengine\intermediate\x64\debug\animationcomponent.obj
d:\theengine\theengine\intermediate\x64\debug\bridgescene.obj
d:\theengine\theengine\intermediate\x64\debug\physicscomponent.obj
d:\theengine\theengine\intermediate\x64\debug\directwritetext.obj
d:\theengine\theengine\intermediate\x64\debug\buttoncomponent.obj
d:\theengine\theengine\intermediate\x64\debug\spidersolitairescene.obj
d:\theengine\theengine\intermediate\x64\debug\physicstetrisscene.obj
d:\theengine\theengine\intermediate\x64\debug\tetrisphysicscomponent.obj
d:\theengine\theengine\intermediate\x64\debug\partitionscene.obj
d:\theengine\theengine\intermediate\x64\debug\quadtree.obj
d:\theengine\theengine\intermediate\x64\debug\linerenderer.obj
d:\theengine\theengine\intermediate\x64\debug\vc143.pdb
d:\theengine\theengine\intermediate\x64\debug\carphysicscomponent.obj
d:\theengine\theengine\intermediate\x64\debug\threedtestscene.obj
d:\theengine\theengine\bin\x64\debug\directxgame.exe
d:\theengine\theengine\bin\x64\debug\directxgame.pdb
d:\theengine\theengine\intermediate\x64\debug\tetrisphysicscomponent.h.module.json
d:\theengine\theengine\intermediate\x64\debug\directxgame.ilk
d:\theengine\theengine\intermediate\x64\debug\tetrisphysicscomponent.h.obj
d:\theengine\theengine\intermediate\x64\debug\buttoncomponent.obj.enc
d:\theengine\theengine\intermediate\x64\debug\physicstetrisscene.obj.enc
d:\theengine\theengine\intermediate\x64\debug\spritecomponent.obj.enc
d:\theengine\theengine\intermediate\x64\debug\tetrisphysicscomponent.h.obj.enc
d:\theengine\theengine\intermediate\x64\debug\vc143.idb
d:\theengine\theengine\intermediate\x64\debug\directxgame.tlog\cl.command.1.tlog
d:\theengine\theengine\intermediate\x64\debug\directxgame.tlog\cl.items.tlog
d:\theengine\theengine\intermediate\x64\debug\directxgame.tlog\cl.read.1.tlog
d:\theengine\theengine\intermediate\x64\debug\directxgame.tlog\cl.write.1.tlog
d:\theengine\theengine\intermediate\x64\debug\directxgame.tlog\fxc.command.1.tlog
d:\theengine\theengine\intermediate\x64\debug\directxgame.tlog\fxc.read.1.tlog
d:\theengine\theengine\intermediate\x64\debug\directxgame.tlog\link.command.1.tlog
d:\theengine\theengine\intermediate\x64\debug\directxgame.tlog\link.read.1.tlog
d:\theengine\theengine\intermediate\x64\debug\directxgame.tlog\link.secondary.1.tlog
d:\theengine\theengine\intermediate\x64\debug\directxgame.tlog\link.write.1.tlog
d:\theengine\theengine\intermediate\x64\debug\directxgame_md.tlog\cl.command.1.tlog
d:\theengine\theengine\intermediate\x64\debug\directxgame_md.tlog\microsoft.build.cpptasks.cl.read.1.tlog
d:\theengine\theengine\intermediate\x64\debug\directxgame_md.tlog\microsoft.build.cpptasks.cl.write.1.tlog
