d:\theengine\theengine\intermediate\x64\debug\types.obj
d:\theengine\theengine\intermediate\x64\debug\glmmathbackend.obj
d:\theengine\theengine\intermediate\x64\debug\mathbackend.obj
d:\theengine\theengine\intermediate\x64\debug\defaultmathbackend.obj
d:\theengine\theengine\intermediate\x64\debug\geometry.obj
d:\theengine\theengine\intermediate\x64\debug\openglswapchain.obj
d:\theengine\theengine\intermediate\x64\debug\openglcontext.obj
d:\theengine\theengine\intermediate\x64\debug\opengldevice.obj
d:\theengine\theengine\intermediate\x64\debug\openglrenderbackend.obj
d:\theengine\theengine\intermediate\x64\debug\skyboxrenderer.obj
d:\theengine\theengine\intermediate\x64\debug\shadowmap.obj
d:\theengine\theengine\intermediate\x64\debug\game.obj
d:\theengine\theengine\intermediate\x64\debug\base.obj
d:\theengine\theengine\intermediate\x64\debug\display.obj
d:\theengine\theengine\intermediate\x64\debug\scene.obj
d:\theengine\theengine\intermediate\x64\debug\input.obj
d:\theengine\theengine\intermediate\x64\debug\quadtree.obj
d:\theengine\theengine\intermediate\x64\debug\octree.obj
d:\theengine\theengine\intermediate\x64\debug\kdtree.obj
d:\theengine\theengine\intermediate\x64\debug\aabbtree.obj
d:\theengine\theengine\intermediate\x64\debug\vertexbuffer.obj
d:\theengine\theengine\intermediate\x64\debug\texture2d.obj
d:\theengine\theengine\intermediate\x64\debug\swapchain.obj
d:\theengine\theengine\intermediate\x64\debug\spritecomponent.obj
d:\theengine\theengine\intermediate\x64\debug\shaderbinary.obj
d:\theengine\theengine\intermediate\x64\debug\mesh.obj
d:\theengine\theengine\intermediate\x64\debug\linerenderer.obj
d:\theengine\theengine\intermediate\x64\debug\indexbuffer.obj
d:\theengine\theengine\intermediate\x64\debug\graphicspipelinestate.obj
d:\theengine\theengine\intermediate\x64\debug\directx11renderbackend.obj
d:\theengine\theengine\intermediate\x64\debug\renderbackendfactory.obj
d:\theengine\theengine\intermediate\x64\debug\graphicsengine.obj
d:\theengine\theengine\intermediate\x64\debug\graphicsdevice.obj
d:\theengine\theengine\intermediate\x64\debug\fbxloader.obj
d:\theengine\theengine\intermediate\x64\debug\directwritetext.obj
d:\theengine\theengine\intermediate\x64\debug\devicecontext.obj
d:\theengine\theengine\intermediate\x64\debug\camera.obj
d:\theengine\theengine\intermediate\x64\debug\win32game.obj
d:\theengine\theengine\intermediate\x64\debug\aabbphysics.obj
d:\theengine\theengine\intermediate\x64\debug\scenehelper.obj
d:\theengine\theengine\intermediate\x64\debug\implot_demo.obj
d:\theengine\theengine\intermediate\x64\debug\implot_items.obj
d:\theengine\theengine\intermediate\x64\debug\implot.obj
d:\theengine\theengine\intermediate\x64\debug\imgui_demo.obj
d:\theengine\theengine\intermediate\x64\debug\imgui_impl_opengl3.obj
d:\theengine\theengine\intermediate\x64\debug\imgui_impl_glfw.obj
d:\theengine\theengine\intermediate\x64\debug\imgui_impl_dx11.obj
d:\theengine\theengine\intermediate\x64\debug\imgui_impl_win32.obj
d:\theengine\theengine\intermediate\x64\debug\imgui_tables.obj
d:\theengine\theengine\intermediate\x64\debug\imgui_widgets.obj
d:\theengine\theengine\intermediate\x64\debug\imgui_draw.obj
d:\theengine\theengine\intermediate\x64\debug\imgui.obj
d:\theengine\theengine\intermediate\x64\debug\logger.obj
d:\theengine\theengine\intermediate\x64\debug\win32window.obj
d:\theengine\theengine\intermediate\x64\debug\vertexshadersignature.obj
d:\theengine\theengine\intermediate\x64\debug\vc143.pdb
d:\theengine\theengine\bin\x64\debug\theengine.dll
d:\theengine\theengine\bin\x64\debug\theengine.pdb
d:\theengine\theengine\intermediate\x64\debug\theengine.res
d:\theengine\theengine\bin\x64\debug\glfw3.dll
d:\theengine\theengine\bin\x64\debug\theengine.lib
d:\theengine\theengine\bin\x64\debug\theengine.exp
d:\theengine\theengine\intermediate\x64\debug\theengine.ilk
d:\theengine\theengine\intermediate\x64\debug\vc143.idb
d:\theengine\theengine\intermediate\x64\debug\theengine.tlog\cl.command.1.tlog
d:\theengine\theengine\intermediate\x64\debug\theengine.tlog\cl.items.tlog
d:\theengine\theengine\intermediate\x64\debug\theengine.tlog\cl.read.1.tlog
d:\theengine\theengine\intermediate\x64\debug\theengine.tlog\cl.write.1.tlog
d:\theengine\theengine\intermediate\x64\debug\theengine.tlog\link.command.1.tlog
d:\theengine\theengine\intermediate\x64\debug\theengine.tlog\link.read.1.tlog
d:\theengine\theengine\intermediate\x64\debug\theengine.tlog\link.secondary.1.tlog
d:\theengine\theengine\intermediate\x64\debug\theengine.tlog\link.write.1.tlog
d:\theengine\theengine\intermediate\x64\debug\theengine.tlog\rc.command.1.tlog
d:\theengine\theengine\intermediate\x64\debug\theengine.tlog\rc.read.1.tlog
d:\theengine\theengine\intermediate\x64\debug\theengine.tlog\rc.write.1.tlog
d:\theengine\theengine\intermediate\x64\debug\theengine.tlog\theengine.write.1u.tlog
